2024-06-19T14:18:18  style: formatting
2024-06-25T09:35:25  chore: bump dev tooling
2024-07-25T16:52:32  docs: expand examples
2024-08-25T11:09:39  test: strengthen coverage
2024-09-24T18:26:46  chore: tune defaults
2024-10-01T13:43:53  refactor: simplify helper
2024-10-31T08:00:00  chore: routine maintenance
2024-12-01T15:17:07  docs: clarify usage notes
2024-12-31T10:34:14  test: add edge case
2025-01-07T17:51:21  refactor: tidy internals
2025-02-06T12:08:28  fix: handle empty input gracefully
2025-03-09T19:25:35  perf: micro-optimization
2025-04-08T14:42:42  style: formatting
2025-04-15T09:59:49  chore: bump dev tooling
2025-05-15T16:16:56  docs: expand examples
2025-06-15T11:33:03  test: strengthen coverage
2025-07-15T18:50:10  chore: tune defaults
2025-07-28T13:07:17  refactor: simplify helper
2025-08-28T08:24:24  chore: routine maintenance
2025-09-27T15:41:31  docs: clarify usage notes
2025-10-04T10:58:38  test: add edge case
2025-11-03T17:15:45  refactor: tidy internals
2025-12-04T12:32:52  fix: handle empty input gracefully
2026-01-03T19:49:59  perf: micro-optimization
2026-01-10T14:06:06  style: formatting
2026-02-09T09:23:13  chore: bump dev tooling
2026-03-12T16:40:20  docs: expand examples
2026-04-11T11:57:27  test: strengthen coverage
2026-04-18T18:14:34  chore: tune defaults
2026-05-18T13:31:41  refactor: simplify helper
2024-08-30T14:18:18  refactor: I have altered the code. pray I don't alter it further
2024-09-29T09:35:25  feat: do or do not, there is no try/except
2025-01-25T16:52:32  perf: speed. I am speed.
2025-05-23T11:09:39  fix: the cake is a lie, but the bug was real
2025-06-23T18:26:46  test: trust, but verify
2025-10-19T13:43:53  fix: 60% of the time, it works every time
2026-02-14T08:00:00  docs: here be dragons
2026-03-17T15:17:07  feat: with great power comes great test coverage
